0 info it worked if it ends with ok
1 verbose cli [ '/usr/local/bin/node', '/usr/local/bin/npm', 'install' ]
2 info using npm@1.4.28
3 info using node@v0.10.33
4 verbose readDependencies using package.json deps
5 verbose install where, deps [ '/Users/sardor/NODEJS/node-application/react-widget',
5 verbose install   [ 'immutable',
5 verbose install     'react',
5 verbose install     'grunt',
5 verbose install     'grunt-contrib-jshint',
5 verbose install     'grunt-contrib-sass',
5 verbose install     'grunt-contrib-watch',
5 verbose install     'gulp-ruby-sass' ] ]
6 info preinstall @
7 verbose readDependencies using package.json deps
8 verbose cache add [ 'immutable@^3.6.2', null ]
9 verbose cache add name=undefined spec="immutable@^3.6.2" args=["immutable@^3.6.2",null]
10 verbose parsed url { protocol: null,
10 verbose parsed url   slashes: null,
10 verbose parsed url   auth: null,
10 verbose parsed url   host: null,
10 verbose parsed url   port: null,
10 verbose parsed url   hostname: null,
10 verbose parsed url   hash: null,
10 verbose parsed url   search: null,
10 verbose parsed url   query: null,
10 verbose parsed url   pathname: 'immutable@^3.6.2',
10 verbose parsed url   path: 'immutable@^3.6.2',
10 verbose parsed url   href: 'immutable@^3.6.2' }
11 verbose already installed skipping react@^0.12.0 /Users/sardor/NODEJS/node-application/react-widget
12 verbose cache add [ 'grunt@^0.4.5', null ]
13 verbose cache add name=undefined spec="grunt@^0.4.5" args=["grunt@^0.4.5",null]
14 verbose parsed url { protocol: null,
14 verbose parsed url   slashes: null,
14 verbose parsed url   auth: null,
14 verbose parsed url   host: null,
14 verbose parsed url   port: null,
14 verbose parsed url   hostname: null,
14 verbose parsed url   hash: null,
14 verbose parsed url   search: null,
14 verbose parsed url   query: null,
14 verbose parsed url   pathname: 'grunt@^0.4.5',
14 verbose parsed url   path: 'grunt@^0.4.5',
14 verbose parsed url   href: 'grunt@^0.4.5' }
15 verbose cache add name="immutable" spec="^3.6.2" args=["immutable","^3.6.2"]
16 verbose parsed url { protocol: null,
16 verbose parsed url   slashes: null,
16 verbose parsed url   auth: null,
16 verbose parsed url   host: null,
16 verbose parsed url   port: null,
16 verbose parsed url   hostname: null,
16 verbose parsed url   hash: null,
16 verbose parsed url   search: null,
16 verbose parsed url   query: null,
16 verbose parsed url   pathname: '^3.6.2',
16 verbose parsed url   path: '^3.6.2',
16 verbose parsed url   href: '^3.6.2' }
17 verbose addNamed [ 'immutable', '^3.6.2' ]
18 verbose addNamed [ null, '>=3.6.2-0 <4.0.0-0' ]
19 verbose cache add [ 'grunt-contrib-jshint@^0.11.0', null ]
20 verbose cache add name=undefined spec="grunt-contrib-jshint@^0.11.0" args=["grunt-contrib-jshint@^0.11.0",null]
21 verbose parsed url { protocol: null,
21 verbose parsed url   slashes: null,
21 verbose parsed url   auth: null,
21 verbose parsed url   host: null,
21 verbose parsed url   port: null,
21 verbose parsed url   hostname: null,
21 verbose parsed url   hash: null,
21 verbose parsed url   search: null,
21 verbose parsed url   query: null,
21 verbose parsed url   pathname: 'grunt-contrib-jshint@^0.11.0',
21 verbose parsed url   path: 'grunt-contrib-jshint@^0.11.0',
21 verbose parsed url   href: 'grunt-contrib-jshint@^0.11.0' }
22 verbose cache add name="grunt" spec="^0.4.5" args=["grunt","^0.4.5"]
23 verbose parsed url { protocol: null,
23 verbose parsed url   slashes: null,
23 verbose parsed url   auth: null,
23 verbose parsed url   host: null,
23 verbose parsed url   port: null,
23 verbose parsed url   hostname: null,
23 verbose parsed url   hash: null,
23 verbose parsed url   search: null,
23 verbose parsed url   query: null,
23 verbose parsed url   pathname: '^0.4.5',
23 verbose parsed url   path: '^0.4.5',
23 verbose parsed url   href: '^0.4.5' }
24 verbose addNamed [ 'grunt', '^0.4.5' ]
25 verbose addNamed [ null, '>=0.4.5-0 <0.5.0-0' ]
26 silly lockFile e1e80af9-immutable-3-6-2 immutable@^3.6.2
27 verbose lock immutable@^3.6.2 /Users/sardor/.npm/e1e80af9-immutable-3-6-2.lock
28 silly lockFile 73541f84-grunt-0-4-5 grunt@^0.4.5
29 verbose lock grunt@^0.4.5 /Users/sardor/.npm/73541f84-grunt-0-4-5.lock
30 verbose cache add [ 'grunt-contrib-sass@^0.9.2', null ]
31 verbose cache add name=undefined spec="grunt-contrib-sass@^0.9.2" args=["grunt-contrib-sass@^0.9.2",null]
32 verbose parsed url { protocol: null,
32 verbose parsed url   slashes: null,
32 verbose parsed url   auth: null,
32 verbose parsed url   host: null,
32 verbose parsed url   port: null,
32 verbose parsed url   hostname: null,
32 verbose parsed url   hash: null,
32 verbose parsed url   search: null,
32 verbose parsed url   query: null,
32 verbose parsed url   pathname: 'grunt-contrib-sass@^0.9.2',
32 verbose parsed url   path: 'grunt-contrib-sass@^0.9.2',
32 verbose parsed url   href: 'grunt-contrib-sass@^0.9.2' }
33 verbose cache add name="grunt-contrib-jshint" spec="^0.11.0" args=["grunt-contrib-jshint","^0.11.0"]
34 verbose parsed url { protocol: null,
34 verbose parsed url   slashes: null,
34 verbose parsed url   auth: null,
34 verbose parsed url   host: null,
34 verbose parsed url   port: null,
34 verbose parsed url   hostname: null,
34 verbose parsed url   hash: null,
34 verbose parsed url   search: null,
34 verbose parsed url   query: null,
34 verbose parsed url   pathname: '^0.11.0',
34 verbose parsed url   path: '^0.11.0',
34 verbose parsed url   href: '^0.11.0' }
35 verbose addNamed [ 'grunt-contrib-jshint', '^0.11.0' ]
36 verbose addNamed [ null, '>=0.11.0-0 <0.12.0-0' ]
37 silly lockFile 5782cb4c-grunt-contrib-jshint-0-11-0 grunt-contrib-jshint@^0.11.0
38 verbose lock grunt-contrib-jshint@^0.11.0 /Users/sardor/.npm/5782cb4c-grunt-contrib-jshint-0-11-0.lock
39 verbose cache add [ 'grunt-contrib-watch@^0.6.1', null ]
40 verbose cache add name=undefined spec="grunt-contrib-watch@^0.6.1" args=["grunt-contrib-watch@^0.6.1",null]
41 verbose parsed url { protocol: null,
41 verbose parsed url   slashes: null,
41 verbose parsed url   auth: null,
41 verbose parsed url   host: null,
41 verbose parsed url   port: null,
41 verbose parsed url   hostname: null,
41 verbose parsed url   hash: null,
41 verbose parsed url   search: null,
41 verbose parsed url   query: null,
41 verbose parsed url   pathname: 'grunt-contrib-watch@^0.6.1',
41 verbose parsed url   path: 'grunt-contrib-watch@^0.6.1',
41 verbose parsed url   href: 'grunt-contrib-watch@^0.6.1' }
42 verbose cache add name="grunt-contrib-sass" spec="^0.9.2" args=["grunt-contrib-sass","^0.9.2"]
43 verbose parsed url { protocol: null,
43 verbose parsed url   slashes: null,
43 verbose parsed url   auth: null,
43 verbose parsed url   host: null,
43 verbose parsed url   port: null,
43 verbose parsed url   hostname: null,
43 verbose parsed url   hash: null,
43 verbose parsed url   search: null,
43 verbose parsed url   query: null,
43 verbose parsed url   pathname: '^0.9.2',
43 verbose parsed url   path: '^0.9.2',
43 verbose parsed url   href: '^0.9.2' }
44 verbose addNamed [ 'grunt-contrib-sass', '^0.9.2' ]
45 verbose addNamed [ null, '>=0.9.2-0 <0.10.0-0' ]
46 silly lockFile 031128be-grunt-contrib-sass-0-9-2 grunt-contrib-sass@^0.9.2
47 verbose lock grunt-contrib-sass@^0.9.2 /Users/sardor/.npm/031128be-grunt-contrib-sass-0-9-2.lock
48 verbose cache add [ 'gulp-ruby-sass@^1.0.0-alpha.3', null ]
49 verbose cache add name=undefined spec="gulp-ruby-sass@^1.0.0-alpha.3" args=["gulp-ruby-sass@^1.0.0-alpha.3",null]
50 verbose parsed url { protocol: null,
50 verbose parsed url   slashes: null,
50 verbose parsed url   auth: null,
50 verbose parsed url   host: null,
50 verbose parsed url   port: null,
50 verbose parsed url   hostname: null,
50 verbose parsed url   hash: null,
50 verbose parsed url   search: null,
50 verbose parsed url   query: null,
50 verbose parsed url   pathname: 'gulp-ruby-sass@^1.0.0-alpha.3',
50 verbose parsed url   path: 'gulp-ruby-sass@^1.0.0-alpha.3',
50 verbose parsed url   href: 'gulp-ruby-sass@^1.0.0-alpha.3' }
51 verbose cache add name="grunt-contrib-watch" spec="^0.6.1" args=["grunt-contrib-watch","^0.6.1"]
52 verbose parsed url { protocol: null,
52 verbose parsed url   slashes: null,
52 verbose parsed url   auth: null,
52 verbose parsed url   host: null,
52 verbose parsed url   port: null,
52 verbose parsed url   hostname: null,
52 verbose parsed url   hash: null,
52 verbose parsed url   search: null,
52 verbose parsed url   query: null,
52 verbose parsed url   pathname: '^0.6.1',
52 verbose parsed url   path: '^0.6.1',
52 verbose parsed url   href: '^0.6.1' }
53 verbose addNamed [ 'grunt-contrib-watch', '^0.6.1' ]
54 verbose addNamed [ null, '>=0.6.1-0 <0.7.0-0' ]
55 silly lockFile 224b1ece-grunt-contrib-watch-0-6-1 grunt-contrib-watch@^0.6.1
56 verbose lock grunt-contrib-watch@^0.6.1 /Users/sardor/.npm/224b1ece-grunt-contrib-watch-0-6-1.lock
57 verbose cache add name="gulp-ruby-sass" spec="^1.0.0-alpha.3" args=["gulp-ruby-sass","^1.0.0-alpha.3"]
58 verbose parsed url { protocol: null,
58 verbose parsed url   slashes: null,
58 verbose parsed url   auth: null,
58 verbose parsed url   host: null,
58 verbose parsed url   port: null,
58 verbose parsed url   hostname: null,
58 verbose parsed url   hash: null,
58 verbose parsed url   search: null,
58 verbose parsed url   query: null,
58 verbose parsed url   pathname: '^1.0.0-alpha.3',
58 verbose parsed url   path: '^1.0.0-alpha.3',
58 verbose parsed url   href: '^1.0.0-alpha.3' }
59 verbose addNamed [ 'gulp-ruby-sass', '^1.0.0-alpha.3' ]
60 verbose addNamed [ null, '>=1.0.0-alpha.3 <2.0.0-0' ]
61 silly lockFile 81a90884-gulp-ruby-sass-1-0-0-alpha-3 gulp-ruby-sass@^1.0.0-alpha.3
62 verbose lock gulp-ruby-sass@^1.0.0-alpha.3 /Users/sardor/.npm/81a90884-gulp-ruby-sass-1-0-0-alpha-3.lock
63 silly addNameRange { name: 'immutable',
63 silly addNameRange   range: '>=3.6.2-0 <4.0.0-0',
63 silly addNameRange   hasData: false }
64 silly addNameRange { name: 'grunt', range: '>=0.4.5-0 <0.5.0-0', hasData: false }
65 silly addNameRange { name: 'grunt-contrib-sass',
65 silly addNameRange   range: '>=0.9.2-0 <0.10.0-0',
65 silly addNameRange   hasData: false }
66 silly addNameRange { name: 'grunt-contrib-jshint',
66 silly addNameRange   range: '>=0.11.0-0 <0.12.0-0',
66 silly addNameRange   hasData: false }
67 silly addNameRange { name: 'gulp-ruby-sass',
67 silly addNameRange   range: '>=1.0.0-alpha.3 <2.0.0-0',
67 silly addNameRange   hasData: false }
68 silly addNameRange { name: 'grunt-contrib-watch',
68 silly addNameRange   range: '>=0.6.1-0 <0.7.0-0',
68 silly addNameRange   hasData: false }
69 verbose request where is /grunt-contrib-sass
70 verbose request registry https://registry.npmjs.org/
71 verbose request id 615909545426b7a5
72 verbose url raw /grunt-contrib-sass
73 verbose url resolving [ 'https://registry.npmjs.org/', './grunt-contrib-sass' ]
74 verbose url resolved https://registry.npmjs.org/grunt-contrib-sass
75 verbose request where is https://registry.npmjs.org/grunt-contrib-sass
76 info trying registry request attempt 1 at 22:10:51
77 http GET https://registry.npmjs.org/grunt-contrib-sass
78 verbose request where is /gulp-ruby-sass
79 verbose request registry https://registry.npmjs.org/
80 verbose url raw /gulp-ruby-sass
81 verbose url resolving [ 'https://registry.npmjs.org/', './gulp-ruby-sass' ]
82 verbose url resolved https://registry.npmjs.org/gulp-ruby-sass
83 verbose request where is https://registry.npmjs.org/gulp-ruby-sass
84 info trying registry request attempt 1 at 22:10:51
85 verbose etag "58TZ2IQRLVA5N4GAYVFGM9WOZ"
86 http GET https://registry.npmjs.org/gulp-ruby-sass
87 verbose request where is /immutable
88 verbose request registry https://registry.npmjs.org/
89 verbose url raw /immutable
90 verbose url resolving [ 'https://registry.npmjs.org/', './immutable' ]
91 verbose url resolved https://registry.npmjs.org/immutable
92 verbose request where is https://registry.npmjs.org/immutable
93 info trying registry request attempt 1 at 22:10:51
94 verbose etag "A8PIQV40PSI8MM66XA7W67XAL"
95 http GET https://registry.npmjs.org/immutable
96 verbose request where is /grunt-contrib-jshint
97 verbose request registry https://registry.npmjs.org/
98 verbose url raw /grunt-contrib-jshint
99 verbose url resolving [ 'https://registry.npmjs.org/', './grunt-contrib-jshint' ]
100 verbose url resolved https://registry.npmjs.org/grunt-contrib-jshint
101 verbose request where is https://registry.npmjs.org/grunt-contrib-jshint
102 info trying registry request attempt 1 at 22:10:51
103 verbose etag "8FZXQQ8HRBW98B8MVZ9ZZEGM"
104 http GET https://registry.npmjs.org/grunt-contrib-jshint
105 verbose request where is /grunt-contrib-watch
106 verbose request registry https://registry.npmjs.org/
107 verbose url raw /grunt-contrib-watch
108 verbose url resolving [ 'https://registry.npmjs.org/', './grunt-contrib-watch' ]
109 verbose url resolved https://registry.npmjs.org/grunt-contrib-watch
110 verbose request where is https://registry.npmjs.org/grunt-contrib-watch
111 info trying registry request attempt 1 at 22:10:51
112 verbose etag "EYOOWCCILBOSCHCELD9ETYLQ3"
113 http GET https://registry.npmjs.org/grunt-contrib-watch
114 verbose request where is /grunt
115 verbose request registry https://registry.npmjs.org/
116 verbose url raw /grunt
117 verbose url resolving [ 'https://registry.npmjs.org/', './grunt' ]
118 verbose url resolved https://registry.npmjs.org/grunt
119 verbose request where is https://registry.npmjs.org/grunt
120 info trying registry request attempt 1 at 22:10:51
121 verbose etag "4E6ZYQQMJHEU583BR3HKJMLSX"
122 http GET https://registry.npmjs.org/grunt
123 http 200 https://registry.npmjs.org/gulp-ruby-sass
124 silly registry.get cb [ 200,
124 silly registry.get   { date: 'Fri, 20 Feb 2015 06:10:52 GMT',
124 silly registry.get     server: 'CouchDB/1.5.0 (Erlang OTP/R16B03)',
124 silly registry.get     etag: '"EXZR9BAXBO7IQ5LO0QF4XL7ME"',
124 silly registry.get     'content-type': 'application/json',
124 silly registry.get     'cache-control': 'max-age=60',
124 silly registry.get     'content-length': '30014',
124 silly registry.get     'accept-ranges': 'bytes',
124 silly registry.get     via: '1.1 varnish',
124 silly registry.get     age: '0',
124 silly registry.get     'x-served-by': 'cache-lax1423-LAX',
124 silly registry.get     'x-cache': 'HIT',
124 silly registry.get     'x-cache-hits': '1',
124 silly registry.get     'x-timer': 'S1424412652.448995,VS0,VE74',
124 silly registry.get     vary: 'Accept',
124 silly registry.get     'keep-alive': 'timeout=10, max=50',
124 silly registry.get     connection: 'Keep-Alive' } ]
125 silly addNameRange number 2 { name: 'gulp-ruby-sass',
125 silly addNameRange   range: '>=1.0.0-alpha.3 <2.0.0-0',
125 silly addNameRange   hasData: true }
126 silly addNameRange versions [ 'gulp-ruby-sass',
126 silly addNameRange   [ '0.1.0',
126 silly addNameRange     '0.1.1',
126 silly addNameRange     '0.1.2',
126 silly addNameRange     '0.2.0',
126 silly addNameRange     '0.3.0',
126 silly addNameRange     '0.3.1',
126 silly addNameRange     '0.4.0',
126 silly addNameRange     '0.4.1',
126 silly addNameRange     '0.4.2',
126 silly addNameRange     '0.4.3',
126 silly addNameRange     '0.5.0',
126 silly addNameRange     '0.6.0',
126 silly addNameRange     '0.7.0',
126 silly addNameRange     '0.7.1',
126 silly addNameRange     '1.0.0-alpha',
126 silly addNameRange     '1.0.0-alpha.2',
126 silly addNameRange     '1.0.0-alpha.3' ] ]
127 verbose addNamed [ 'gulp-ruby-sass', '1.0.0-alpha.3' ]
128 verbose addNamed [ '1.0.0-alpha.3', '1.0.0-alpha.3' ]
129 silly lockFile 54cb0402-gulp-ruby-sass-1-0-0-alpha-3 gulp-ruby-sass@1.0.0-alpha.3
130 verbose lock gulp-ruby-sass@1.0.0-alpha.3 /Users/sardor/.npm/54cb0402-gulp-ruby-sass-1-0-0-alpha-3.lock
131 silly lockFile fa8719e0-gulp-ruby-sass-1-0-0-alpha-3-tgz https://registry.npmjs.org/gulp-ruby-sass/-/gulp-ruby-sass-1.0.0-alpha.3.tgz
132 verbose lock https://registry.npmjs.org/gulp-ruby-sass/-/gulp-ruby-sass-1.0.0-alpha.3.tgz /Users/sardor/.npm/fa8719e0-gulp-ruby-sass-1-0-0-alpha-3-tgz.lock
133 verbose addRemoteTarball [ 'https://registry.npmjs.org/gulp-ruby-sass/-/gulp-ruby-sass-1.0.0-alpha.3.tgz',
133 verbose addRemoteTarball   '5492e61ce6ed3434895120b58f32e8e5e566c18f' ]
134 info retry fetch attempt 1 at 22:10:51
135 verbose fetch to= /var/folders/vz/14xlvcp94s3_4n3hl6ssykd40000gn/T/npm-59680-s5KcYWe6/registry.npmjs.org/gulp-ruby-sass/-/gulp-ruby-sass-1.0.0-alpha.3.tgz
136 http GET https://registry.npmjs.org/gulp-ruby-sass/-/gulp-ruby-sass-1.0.0-alpha.3.tgz
137 http 200 https://registry.npmjs.org/grunt-contrib-sass
138 silly registry.get cb [ 200,
138 silly registry.get   { date: 'Fri, 20 Feb 2015 06:10:52 GMT',
138 silly registry.get     server: 'CouchDB/1.5.0 (Erlang OTP/R16B03)',
138 silly registry.get     etag: '"3YKIGOW1M7W5OMWPKH8QCIJEP"',
138 silly registry.get     'content-type': 'application/json',
138 silly registry.get     'cache-control': 'max-age=60',
138 silly registry.get     'content-length': '46689',
138 silly registry.get     'accept-ranges': 'bytes',
138 silly registry.get     via: '1.1 varnish',
138 silly registry.get     age: '0',
138 silly registry.get     'x-served-by': 'cache-lax1430-LAX',
138 silly registry.get     'x-cache': 'HIT',
138 silly registry.get     'x-cache-hits': '1',
138 silly registry.get     'x-timer': 'S1424412652.433468,VS0,VE71',
138 silly registry.get     vary: 'Accept',
138 silly registry.get     'keep-alive': 'timeout=10, max=50',
138 silly registry.get     connection: 'Keep-Alive' } ]
139 silly addNameRange number 2 { name: 'grunt-contrib-sass',
139 silly addNameRange   range: '>=0.9.2-0 <0.10.0-0',
139 silly addNameRange   hasData: true }
140 silly addNameRange versions [ 'grunt-contrib-sass',
140 silly addNameRange   [ '0.1.0',
140 silly addNameRange     '0.1.1',
140 silly addNameRange     '0.1.2',
140 silly addNameRange     '0.1.3',
140 silly addNameRange     '0.2.0',
140 silly addNameRange     '0.2.1',
140 silly addNameRange     '0.2.2',
140 silly addNameRange     '0.3.0',
140 silly addNameRange     '0.4.0',
140 silly addNameRange     '0.4.1',
140 silly addNameRange     '0.5.0',
140 silly addNameRange     '0.5.1',
140 silly addNameRange     '0.6.0',
140 silly addNameRange     '0.2.2-rc7',
140 silly addNameRange     '0.7.0',
140 silly addNameRange     '0.7.1',
140 silly addNameRange     '0.7.2',
140 silly addNameRange     '0.7.3',
140 silly addNameRange     '0.7.4',
140 silly addNameRange     '0.8.0',
140 silly addNameRange     '0.8.1',
140 silly addNameRange     '0.9.0',
140 silly addNameRange     '0.9.1',
140 silly addNameRange     '0.9.2' ] ]
141 verbose addNamed [ 'grunt-contrib-sass', '0.9.2' ]
142 verbose addNamed [ '0.9.2', '0.9.2' ]
143 silly lockFile caee62b2-grunt-contrib-sass-0-9-2 grunt-contrib-sass@0.9.2
144 verbose lock grunt-contrib-sass@0.9.2 /Users/sardor/.npm/caee62b2-grunt-contrib-sass-0-9-2.lock
145 silly lockFile 103217e2-ass-grunt-contrib-sass-0-9-2-tgz https://registry.npmjs.org/grunt-contrib-sass/-/grunt-contrib-sass-0.9.2.tgz
146 verbose lock https://registry.npmjs.org/grunt-contrib-sass/-/grunt-contrib-sass-0.9.2.tgz /Users/sardor/.npm/103217e2-ass-grunt-contrib-sass-0-9-2-tgz.lock
147 verbose addRemoteTarball [ 'https://registry.npmjs.org/grunt-contrib-sass/-/grunt-contrib-sass-0.9.2.tgz',
147 verbose addRemoteTarball   '749f0e78284e91452c5a57fe044dde34489513c6' ]
148 info retry fetch attempt 1 at 22:10:51
149 verbose fetch to= /var/folders/vz/14xlvcp94s3_4n3hl6ssykd40000gn/T/npm-59680-s5KcYWe6/registry.npmjs.org/grunt-contrib-sass/-/grunt-contrib-sass-0.9.2.tgz
150 http GET https://registry.npmjs.org/grunt-contrib-sass/-/grunt-contrib-sass-0.9.2.tgz
151 http 200 https://registry.npmjs.org/immutable
152 silly registry.get cb [ 200,
152 silly registry.get   { date: 'Fri, 20 Feb 2015 06:10:52 GMT',
152 silly registry.get     server: 'CouchDB/1.5.0 (Erlang OTP/R16B03)',
152 silly registry.get     etag: '"XKJ2LR0QN9U614KF8E6VAW52"',
152 silly registry.get     'content-type': 'application/json',
152 silly registry.get     'cache-control': 'max-age=60',
152 silly registry.get     'content-length': '96650',
152 silly registry.get     'accept-ranges': 'bytes',
152 silly registry.get     via: '1.1 varnish',
152 silly registry.get     age: '0',
152 silly registry.get     'x-served-by': 'cache-lax1427-LAX',
152 silly registry.get     'x-cache': 'HIT',
152 silly registry.get     'x-cache-hits': '1',
152 silly registry.get     'x-timer': 'S1424412652.427889,VS0,VE72',
152 silly registry.get     vary: 'Accept',
152 silly registry.get     'keep-alive': 'timeout=10, max=50',
152 silly registry.get     connection: 'Keep-Alive' } ]
153 silly addNameRange number 2 { name: 'immutable', range: '>=3.6.2-0 <4.0.0-0', hasData: true }
154 silly addNameRange versions [ 'immutable',
154 silly addNameRange   [ '0.8.0-SNAPSHOT',
154 silly addNameRange     '0.8.0',
154 silly addNameRange     '0.9.0',
154 silly addNameRange     '0.9.1',
154 silly addNameRange     '0.9.2',
154 silly addNameRange     '1.0.0',
154 silly addNameRange     '1.1.0',
154 silly addNameRange     '1.2.0',
154 silly addNameRange     '1.3.0',
154 silly addNameRange     '1.4.0',
154 silly addNameRange     '1.5.0',
154 silly addNameRange     '1.4.1',
154 silly addNameRange     '2.0.0',
154 silly addNameRange     '2.0.1',
154 silly addNameRange     '2.0.2',
154 silly addNameRange     '2.0.3',
154 silly addNameRange     '2.0.4',
154 silly addNameRange     '2.0.5',
154 silly addNameRange     '2.0.6',
154 silly addNameRange     '2.0.7',
154 silly addNameRange     '2.0.8',
154 silly addNameRange     '2.0.9',
154 silly addNameRange     '2.0.10',
154 silly addNameRange     '2.0.11',
154 silly addNameRange     '2.0.12',
154 silly addNameRange     '2.0.13',
154 silly addNameRange     '2.0.14',
154 silly addNameRange     '2.0.15',
154 silly addNameRange     '2.0.16',
154 silly addNameRange     '2.0.17',
154 silly addNameRange     '2.1.0',
154 silly addNameRange     '2.2.1',
154 silly addNameRange     '2.2.2',
154 silly addNameRange     '2.2.3',
154 silly addNameRange     '2.3.0',
154 silly addNameRange     '2.3.1',
154 silly addNameRange     '2.3.2',
154 silly addNameRange     '2.5.0',
154 silly addNameRange     '2.5.1',
154 silly addNameRange     '2.6.0',
154 silly addNameRange     '2.6.1',
154 silly addNameRange     '2.6.2',
154 silly addNameRange     '3.0.0',
154 silly addNameRange     '3.0.1',
154 silly addNameRange     '3.0.2',
154 silly addNameRange     '3.0.3',
154 silly addNameRange     '3.1.0',
154 silly addNameRange     '3.2.0',
154 silly addNameRange     '3.2.1',
154 silly addNameRange     '3.3.0',
154 silly addNameRange     '3.4.0',
154 silly addNameRange     '3.4.1',
154 silly addNameRange     '3.5.0',
154 silly addNameRange     '3.6.0',
154 silly addNameRange     '3.6.1',
154 silly addNameRange     '3.6.2' ] ]
155 verbose addNamed [ 'immutable', '3.6.2' ]
156 verbose addNamed [ '3.6.2', '3.6.2' ]
157 silly lockFile ecdce884-immutable-3-6-2 immutable@3.6.2
158 verbose lock immutable@3.6.2 /Users/sardor/.npm/ecdce884-immutable-3-6-2.lock
159 silly lockFile 7d89b330-rg-immutable-immutable-3-6-2-tgz https://registry.npmjs.org/immutable/-/immutable-3.6.2.tgz
160 verbose lock https://registry.npmjs.org/immutable/-/immutable-3.6.2.tgz /Users/sardor/.npm/7d89b330-rg-immutable-immutable-3-6-2-tgz.lock
161 verbose addRemoteTarball [ 'https://registry.npmjs.org/immutable/-/immutable-3.6.2.tgz',
161 verbose addRemoteTarball   '903298d69cf2c83f975b417dad3a2a34967604ae' ]
162 info retry fetch attempt 1 at 22:10:51
163 verbose fetch to= /var/folders/vz/14xlvcp94s3_4n3hl6ssykd40000gn/T/npm-59680-s5KcYWe6/registry.npmjs.org/immutable/-/immutable-3.6.2.tgz
164 http GET https://registry.npmjs.org/immutable/-/immutable-3.6.2.tgz
165 http 200 https://registry.npmjs.org/gulp-ruby-sass/-/gulp-ruby-sass-1.0.0-alpha.3.tgz
166 silly lockFile fa8719e0-gulp-ruby-sass-1-0-0-alpha-3-tgz https://registry.npmjs.org/gulp-ruby-sass/-/gulp-ruby-sass-1.0.0-alpha.3.tgz
167 silly lockFile fa8719e0-gulp-ruby-sass-1-0-0-alpha-3-tgz https://registry.npmjs.org/gulp-ruby-sass/-/gulp-ruby-sass-1.0.0-alpha.3.tgz
168 silly lockFile 54cb0402-gulp-ruby-sass-1-0-0-alpha-3 gulp-ruby-sass@1.0.0-alpha.3
169 silly lockFile 54cb0402-gulp-ruby-sass-1-0-0-alpha-3 gulp-ruby-sass@1.0.0-alpha.3
170 silly lockFile 81a90884-gulp-ruby-sass-1-0-0-alpha-3 gulp-ruby-sass@^1.0.0-alpha.3
171 silly lockFile 81a90884-gulp-ruby-sass-1-0-0-alpha-3 gulp-ruby-sass@^1.0.0-alpha.3
172 http 200 https://registry.npmjs.org/grunt-contrib-jshint
173 silly registry.get cb [ 200,
173 silly registry.get   { date: 'Fri, 20 Feb 2015 06:10:52 GMT',
173 silly registry.get     server: 'CouchDB/1.5.0 (Erlang OTP/R16B03)',
173 silly registry.get     etag: '"8UURE7VZH559JA4RP9QV207MU"',
173 silly registry.get     'content-type': 'application/json',
173 silly registry.get     'cache-control': 'max-age=60',
173 silly registry.get     'content-length': '55148',
173 silly registry.get     'accept-ranges': 'bytes',
173 silly registry.get     via: '1.1 varnish',
173 silly registry.get     age: '0',
173 silly registry.get     'x-served-by': 'cache-lax1428-LAX',
173 silly registry.get     'x-cache': 'HIT',
173 silly registry.get     'x-cache-hits': '1',
173 silly registry.get     'x-timer': 'S1424412652.447950,VS0,VE311',
173 silly registry.get     vary: 'Accept',
173 silly registry.get     'keep-alive': 'timeout=10, max=50',
173 silly registry.get     connection: 'Keep-Alive' } ]
174 silly addNameRange number 2 { name: 'grunt-contrib-jshint',
174 silly addNameRange   range: '>=0.11.0-0 <0.12.0-0',
174 silly addNameRange   hasData: true }
175 silly addNameRange versions [ 'grunt-contrib-jshint',
175 silly addNameRange   [ '0.1.0',
175 silly addNameRange     '0.1.1',
175 silly addNameRange     '0.2.0',
175 silly addNameRange     '0.3.0',
175 silly addNameRange     '0.4.0',
175 silly addNameRange     '0.4.1',
175 silly addNameRange     '0.4.2',
175 silly addNameRange     '0.4.3',
175 silly addNameRange     '0.5.0',
175 silly addNameRange     '0.5.1',
175 silly addNameRange     '0.5.2',
175 silly addNameRange     '0.5.3',
175 silly addNameRange     '0.5.4',
175 silly addNameRange     '0.6.0',
175 silly addNameRange     '0.6.1',
175 silly addNameRange     '0.6.2',
175 silly addNameRange     '0.6.3',
175 silly addNameRange     '0.6.4',
175 silly addNameRange     '0.6.5',
175 silly addNameRange     '0.7.0',
175 silly addNameRange     '0.7.1',
175 silly addNameRange     '0.7.2',
175 silly addNameRange     '0.8.0',
175 silly addNameRange     '0.9.0',
175 silly addNameRange     '0.9.1',
175 silly addNameRange     '0.9.2',
175 silly addNameRange     '0.10.0',
175 silly addNameRange     '0.11.0',
175 silly addNameRange     '0.1.1-rc5',
175 silly addNameRange     '0.1.1-rc6' ] ]
176 verbose addNamed [ 'grunt-contrib-jshint', '0.11.0' ]
177 verbose addNamed [ '0.11.0', '0.11.0' ]
178 silly lockFile 4073de61-grunt-contrib-jshint-0-11-0 grunt-contrib-jshint@0.11.0
179 verbose lock grunt-contrib-jshint@0.11.0 /Users/sardor/.npm/4073de61-grunt-contrib-jshint-0-11-0.lock
180 silly lockFile e4298275--grunt-contrib-jshint-0-11-0-tgz https://registry.npmjs.org/grunt-contrib-jshint/-/grunt-contrib-jshint-0.11.0.tgz
181 verbose lock https://registry.npmjs.org/grunt-contrib-jshint/-/grunt-contrib-jshint-0.11.0.tgz /Users/sardor/.npm/e4298275--grunt-contrib-jshint-0-11-0-tgz.lock
182 verbose addRemoteTarball [ 'https://registry.npmjs.org/grunt-contrib-jshint/-/grunt-contrib-jshint-0.11.0.tgz',
182 verbose addRemoteTarball   '2ba17953d30471c3ba58792a5aa92e447059de45' ]
183 info retry fetch attempt 1 at 22:10:52
184 verbose fetch to= /var/folders/vz/14xlvcp94s3_4n3hl6ssykd40000gn/T/npm-59680-s5KcYWe6/registry.npmjs.org/grunt-contrib-jshint/-/grunt-contrib-jshint-0.11.0.tgz
185 http GET https://registry.npmjs.org/grunt-contrib-jshint/-/grunt-contrib-jshint-0.11.0.tgz
186 http 200 https://registry.npmjs.org/grunt-contrib-sass/-/grunt-contrib-sass-0.9.2.tgz
187 silly lockFile 103217e2-ass-grunt-contrib-sass-0-9-2-tgz https://registry.npmjs.org/grunt-contrib-sass/-/grunt-contrib-sass-0.9.2.tgz
188 silly lockFile 103217e2-ass-grunt-contrib-sass-0-9-2-tgz https://registry.npmjs.org/grunt-contrib-sass/-/grunt-contrib-sass-0.9.2.tgz
189 silly lockFile caee62b2-grunt-contrib-sass-0-9-2 grunt-contrib-sass@0.9.2
190 silly lockFile caee62b2-grunt-contrib-sass-0-9-2 grunt-contrib-sass@0.9.2
191 silly lockFile 031128be-grunt-contrib-sass-0-9-2 grunt-contrib-sass@^0.9.2
192 silly lockFile 031128be-grunt-contrib-sass-0-9-2 grunt-contrib-sass@^0.9.2
193 http 200 https://registry.npmjs.org/grunt-contrib-watch
194 silly registry.get cb [ 200,
194 silly registry.get   { date: 'Fri, 20 Feb 2015 06:10:52 GMT',
194 silly registry.get     server: 'CouchDB/1.5.0 (Erlang OTP/R16B03)',
194 silly registry.get     etag: '"95HYAJRDZDU0TVHJDBNCA545U"',
194 silly registry.get     'content-type': 'application/json',
194 silly registry.get     'cache-control': 'max-age=60',
194 silly registry.get     'content-length': '60099',
194 silly registry.get     'accept-ranges': 'bytes',
194 silly registry.get     via: '1.1 varnish',
194 silly registry.get     age: '0',
194 silly registry.get     'x-served-by': 'cache-lax1423-LAX',
194 silly registry.get     'x-cache': 'HIT',
194 silly registry.get     'x-cache-hits': '1',
194 silly registry.get     'x-timer': 'S1424412652.448926,VS0,VE318',
194 silly registry.get     vary: 'Accept',
194 silly registry.get     'keep-alive': 'timeout=10, max=50',
194 silly registry.get     connection: 'Keep-Alive' } ]
195 silly addNameRange number 2 { name: 'grunt-contrib-watch',
195 silly addNameRange   range: '>=0.6.1-0 <0.7.0-0',
195 silly addNameRange   hasData: true }
196 silly addNameRange versions [ 'grunt-contrib-watch',
196 silly addNameRange   [ '0.1.0',
196 silly addNameRange     '0.1.1',
196 silly addNameRange     '0.1.2',
196 silly addNameRange     '0.1.3',
196 silly addNameRange     '0.1.4',
196 silly addNameRange     '0.2.0',
196 silly addNameRange     '0.3.0',
196 silly addNameRange     '0.3.1',
196 silly addNameRange     '0.4.0',
196 silly addNameRange     '0.4.1',
196 silly addNameRange     '0.4.2',
196 silly addNameRange     '0.4.3',
196 silly addNameRange     '0.4.4',
196 silly addNameRange     '0.5.0',
196 silly addNameRange     '0.5.1',
196 silly addNameRange     '0.5.2',
196 silly addNameRange     '0.5.3',
196 silly addNameRange     '0.6.0',
196 silly addNameRange     '0.6.1',
196 silly addNameRange     '0.2.0-a',
196 silly addNameRange     '0.2.0-rc5',
196 silly addNameRange     '0.2.0-rc7' ] ]
197 verbose addNamed [ 'grunt-contrib-watch', '0.6.1' ]
198 verbose addNamed [ '0.6.1', '0.6.1' ]
199 silly lockFile 08049756-grunt-contrib-watch-0-6-1 grunt-contrib-watch@0.6.1
200 verbose lock grunt-contrib-watch@0.6.1 /Users/sardor/.npm/08049756-grunt-contrib-watch-0-6-1.lock
201 silly lockFile 0fc29299-ch-grunt-contrib-watch-0-6-1-tgz https://registry.npmjs.org/grunt-contrib-watch/-/grunt-contrib-watch-0.6.1.tgz
202 verbose lock https://registry.npmjs.org/grunt-contrib-watch/-/grunt-contrib-watch-0.6.1.tgz /Users/sardor/.npm/0fc29299-ch-grunt-contrib-watch-0-6-1-tgz.lock
203 verbose addRemoteTarball [ 'https://registry.npmjs.org/grunt-contrib-watch/-/grunt-contrib-watch-0.6.1.tgz',
203 verbose addRemoteTarball   '64fdcba25a635f5b4da1b6ce6f90da0aeb6e3f15' ]
204 info retry fetch attempt 1 at 22:10:52
205 verbose fetch to= /var/folders/vz/14xlvcp94s3_4n3hl6ssykd40000gn/T/npm-59680-s5KcYWe6/registry.npmjs.org/grunt-contrib-watch/-/grunt-contrib-watch-0.6.1.tgz
206 http GET https://registry.npmjs.org/grunt-contrib-watch/-/grunt-contrib-watch-0.6.1.tgz
207 http 200 https://registry.npmjs.org/grunt
208 silly registry.get cb [ 200,
208 silly registry.get   { date: 'Fri, 20 Feb 2015 06:10:52 GMT',
208 silly registry.get     server: 'CouchDB/1.6.1 (Erlang OTP/R14B04)',
208 silly registry.get     etag: '"A9G9Z6H2G2CSFOQQLYYGA8UPH"',
208 silly registry.get     'content-type': 'application/json',
208 silly registry.get     'cache-control': 'max-age=60',
208 silly registry.get     'content-length': '88419',
208 silly registry.get     'accept-ranges': 'bytes',
208 silly registry.get     via: '1.1 varnish',
208 silly registry.get     age: '0',
208 silly registry.get     'x-served-by': 'cache-lax1423-LAX',
208 silly registry.get     'x-cache': 'HIT',
208 silly registry.get     'x-cache-hits': '1',
208 silly registry.get     'x-timer': 'S1424412652.655880,VS0,VE180',
208 silly registry.get     vary: 'Accept',
208 silly registry.get     'keep-alive': 'timeout=10, max=49',
208 silly registry.get     connection: 'Keep-Alive' } ]
209 silly addNameRange number 2 { name: 'grunt', range: '>=0.4.5-0 <0.5.0-0', hasData: true }
210 silly addNameRange versions [ 'grunt',
210 silly addNameRange   [ '0.1.0',
210 silly addNameRange     '0.1.1',
210 silly addNameRange     '0.1.2',
210 silly addNameRange     '0.2.0',
210 silly addNameRange     '0.2.1',
210 silly addNameRange     '0.2.2',
210 silly addNameRange     '0.2.3',
210 silly addNameRange     '0.2.4',
210 silly addNameRange     '0.2.5',
210 silly addNameRange     '0.2.6',
210 silly addNameRange     '0.2.7',
210 silly addNameRange     '0.2.8',
210 silly addNameRange     '0.2.9',
210 silly addNameRange     '0.2.10',
210 silly addNameRange     '0.2.11',
210 silly addNameRange     '0.2.12',
210 silly addNameRange     '0.2.13',
210 silly addNameRange     '0.2.14',
210 silly addNameRange     '0.2.15',
210 silly addNameRange     '0.3.0',
210 silly addNameRange     '0.3.1',
210 silly addNameRange     '0.3.2',
210 silly addNameRange     '0.3.3',
210 silly addNameRange     '0.3.4',
210 silly addNameRange     '0.3.5',
210 silly addNameRange     '0.3.6',
210 silly addNameRange     '0.3.7',
210 silly addNameRange     '0.3.8',
210 silly addNameRange     '0.3.9',
210 silly addNameRange     '0.3.10',
210 silly addNameRange     '0.3.11',
210 silly addNameRange     '0.3.12',
210 silly addNameRange     '0.3.13',
210 silly addNameRange     '0.3.14',
210 silly addNameRange     '0.3.15',
210 silly addNameRange     '0.3.16',
210 silly addNameRange     '0.3.17',
210 silly addNameRange     '0.4.0',
210 silly addNameRange     '0.4.1',
210 silly addNameRange     '0.4.2',
210 silly addNameRange     '0.4.3',
210 silly addNameRange     '0.4.4',
210 silly addNameRange     '0.4.5',
210 silly addNameRange     '0.3.13-a',
210 silly addNameRange     '0.4.0-a',
210 silly addNameRange     '0.4.0-rc1',
210 silly addNameRange     '0.4.0-rc2',
210 silly addNameRange     '0.4.0-rc3',
210 silly addNameRange     '0.4.0-rc4',
210 silly addNameRange     '0.4.0-rc5',
210 silly addNameRange     '0.4.0-rc6',
210 silly addNameRange     '0.4.0-rc7',
210 silly addNameRange     '0.4.0-rc8' ] ]
211 verbose addNamed [ 'grunt', '0.4.5' ]
212 verbose addNamed [ '0.4.5', '0.4.5' ]
213 silly lockFile 81abf7ad-grunt-0-4-5 grunt@0.4.5
214 verbose lock grunt@0.4.5 /Users/sardor/.npm/81abf7ad-grunt-0-4-5.lock
215 silly lockFile 81abf7ad-grunt-0-4-5 grunt@0.4.5
216 silly lockFile 81abf7ad-grunt-0-4-5 grunt@0.4.5
217 silly lockFile 73541f84-grunt-0-4-5 grunt@^0.4.5
218 silly lockFile 73541f84-grunt-0-4-5 grunt@^0.4.5
219 http 200 https://registry.npmjs.org/immutable/-/immutable-3.6.2.tgz
220 http 200 https://registry.npmjs.org/grunt-contrib-jshint/-/grunt-contrib-jshint-0.11.0.tgz
221 silly lockFile e4298275--grunt-contrib-jshint-0-11-0-tgz https://registry.npmjs.org/grunt-contrib-jshint/-/grunt-contrib-jshint-0.11.0.tgz
222 silly lockFile e4298275--grunt-contrib-jshint-0-11-0-tgz https://registry.npmjs.org/grunt-contrib-jshint/-/grunt-contrib-jshint-0.11.0.tgz
223 silly lockFile 4073de61-grunt-contrib-jshint-0-11-0 grunt-contrib-jshint@0.11.0
224 silly lockFile 4073de61-grunt-contrib-jshint-0-11-0 grunt-contrib-jshint@0.11.0
225 silly lockFile 5782cb4c-grunt-contrib-jshint-0-11-0 grunt-contrib-jshint@^0.11.0
226 silly lockFile 5782cb4c-grunt-contrib-jshint-0-11-0 grunt-contrib-jshint@^0.11.0
227 http 200 https://registry.npmjs.org/grunt-contrib-watch/-/grunt-contrib-watch-0.6.1.tgz
228 silly lockFile 0fc29299-ch-grunt-contrib-watch-0-6-1-tgz https://registry.npmjs.org/grunt-contrib-watch/-/grunt-contrib-watch-0.6.1.tgz
229 silly lockFile 0fc29299-ch-grunt-contrib-watch-0-6-1-tgz https://registry.npmjs.org/grunt-contrib-watch/-/grunt-contrib-watch-0.6.1.tgz
230 silly lockFile 08049756-grunt-contrib-watch-0-6-1 grunt-contrib-watch@0.6.1
231 silly lockFile 08049756-grunt-contrib-watch-0-6-1 grunt-contrib-watch@0.6.1
232 silly lockFile 224b1ece-grunt-contrib-watch-0-6-1 grunt-contrib-watch@^0.6.1
233 silly lockFile 224b1ece-grunt-contrib-watch-0-6-1 grunt-contrib-watch@^0.6.1
234 silly lockFile 7d89b330-rg-immutable-immutable-3-6-2-tgz https://registry.npmjs.org/immutable/-/immutable-3.6.2.tgz
235 silly lockFile 7d89b330-rg-immutable-immutable-3-6-2-tgz https://registry.npmjs.org/immutable/-/immutable-3.6.2.tgz
236 silly lockFile ecdce884-immutable-3-6-2 immutable@3.6.2
237 silly lockFile ecdce884-immutable-3-6-2 immutable@3.6.2
238 silly lockFile e1e80af9-immutable-3-6-2 immutable@^3.6.2
239 silly lockFile e1e80af9-immutable-3-6-2 immutable@^3.6.2
240 error Error: EACCES, mkdir '/Users/sardor/.npm/grunt-contrib-jshint/0.11.0'
240 error  { [Error: EACCES, mkdir '/Users/sardor/.npm/grunt-contrib-jshint/0.11.0']
240 error   errno: 3,
240 error   code: 'EACCES',
240 error   path: '/Users/sardor/.npm/grunt-contrib-jshint/0.11.0' }
241 error Please try running this command again as root/Administrator.
242 error System Darwin 14.0.0
243 error command "/usr/local/bin/node" "/usr/local/bin/npm" "install"
244 error cwd /Users/sardor/NODEJS/node-application/react-widget
245 error node -v v0.10.33
246 error npm -v 1.4.28
247 error path /Users/sardor/.npm/grunt-contrib-jshint/0.11.0
248 error code EACCES
249 error errno 3
250 error stack Error: EACCES, mkdir '/Users/sardor/.npm/grunt-contrib-jshint/0.11.0'
251 verbose exit [ 3, true ]
